<?xml version="1.0" encoding="UTF-8"?>
<testsuite xmlns:xsi="http://www.w3.org/2001/XMLSchema-instance" xsi:noNamespaceSchemaLocation="https://maven.apache.org/surefire/maven-surefire-plugin/xsd/surefire-test-report-3.0.xsd" version="3.0" name="TestSuite" time="27.689" tests="2" errors="0" skipped="0" failures="0">
  <properties>
[...]
</properties>
  <testcase name="verify_Account_Registration" classname="testCases.TC001_AccountRegistrationTest" time="16.883">
    <system-out><![CDATA[2025-01-07T09:52:58.844930200Z main ERROR Unable to invoke factory method in class org.apache.logging.log4j.core.config.Property for element Property: java.lang.IllegalArgumentException: Property name cannot be null java.lang.reflect.InvocationTargetException
	at java.base/jdk.internal.reflect.NativeMethodAccessorImpl.invoke0(Native Method)
	at java.base/jdk.internal.reflect.NativeMethodAccessorImpl.invoke(NativeMethodAccessorImpl.java:62)
	at java.base/jdk.internal.reflect.DelegatingMethodAccessorImpl.invoke(DelegatingMethodAccessorImpl.java:43)
	at java.base/java.lang.reflect.Method.invoke(Method.java:566)
	at org.apache.logging.log4j.core.config.plugins.util.PluginBuilder.build(PluginBuilder.java:142)
	at org.apache.logging.log4j.core.config.AbstractConfiguration.createPluginObject(AbstractConfiguration.java:1180)
	at org.apache.logging.log4j.core.config.AbstractConfiguration.createConfiguration(AbstractConfiguration.java:1099)
	at org.apache.logging.log4j.core.config.AbstractConfiguration.createConfiguration(AbstractConfiguration.java:1091)
	at org.apache.logging.log4j.core.config.AbstractConfiguration.doConfigure(AbstractConfiguration.java:669)
	at org.apache.logging.log4j.core.config.AbstractConfiguration.initialize(AbstractConfiguration.java:270)
	at org.apache.logging.log4j.core.config.AbstractConfiguration.start(AbstractConfiguration.java:319)
	at org.apache.logging.log4j.core.LoggerContext.setConfiguration(LoggerContext.java:637)
	at org.apache.logging.log4j.core.LoggerContext.reconfigure(LoggerContext.java:726)
	at org.apache.logging.log4j.core.LoggerContext.reconfigure(LoggerContext.java:748)
	at org.apache.logging.log4j.core.LoggerContext.start(LoggerContext.java:264)
	at org.apache.logging.log4j.core.impl.Log4jContextFactory.getContext(Log4jContextFactory.java:153)
	at org.apache.logging.log4j.core.impl.Log4jContextFactory.getContext(Log4jContextFactory.java:46)
	at org.apache.logging.log4j.LogManager.getContext(LogManager.java:138)
	at org.apache.logging.log4j.LogManager.getLogger(LogManager.java:555)
	at testBase.BaseClass.setup(BaseClass.java:44)
	at java.base/jdk.internal.reflect.NativeMethodAccessorImpl.invoke0(Native Method)
	at java.base/jdk.internal.reflect.NativeMethodAccessorImpl.invoke(NativeMethodAccessorImpl.java:62)
	at java.base/jdk.internal.reflect.DelegatingMethodAccessorImpl.invoke(DelegatingMethodAccessorImpl.java:43)
	at java.base/java.lang.reflect.Method.invoke(Method.java:566)
	at org.testng.internal.invokers.MethodInvocationHelper.invokeMethod(MethodInvocationHelper.java:141)
	at org.testng.internal.invokers.MethodInvocationHelper.invokeMethodConsideringTimeout(MethodInvocationHelper.java:71)
	at org.testng.internal.invokers.ConfigInvoker.invokeConfigurationMethod(ConfigInvoker.java:400)
	at org.testng.internal.invokers.ConfigInvoker.invokeConfigurations(ConfigInvoker.java:333)
	at org.testng.internal.invokers.TestMethodWorker.invokeBeforeClassMethods(TestMethodWorker.java:188)
	at org.testng.internal.invokers.TestMethodWorker.run(TestMethodWorker.java:128)
	at java.base/java.util.ArrayList.forEach(ArrayList.java:1541)
	at org.testng.TestRunner.privateRun(TestRunner.java:739)
	at org.testng.TestRunner.run(TestRunner.java:614)
	at org.testng.SuiteRunner.runTest(SuiteRunner.java:421)
	at org.testng.SuiteRunner.runSequentially(SuiteRunner.java:413)
	at org.testng.SuiteRunner.privateRun(SuiteRunner.java:373)
	at org.testng.SuiteRunner.run(SuiteRunner.java:312)
	at org.testng.SuiteRunnerWorker.runSuite(SuiteRunnerWorker.java:52)
	at org.testng.SuiteRunnerWorker.run(SuiteRunnerWorker.java:95)
	at org.testng.TestNG.runSuitesSequentially(TestNG.java:1274)
	at org.testng.TestNG.runSuitesLocally(TestNG.java:1208)
	at org.testng.TestNG.runSuites(TestNG.java:1112)
	at org.testng.TestNG.run(TestNG.java:1079)
	at org.apache.maven.surefire.testng.TestNGExecutor.run(TestNGExecutor.java:308)
	at org.apache.maven.surefire.testng.TestNGXmlTestSuite.execute(TestNGXmlTestSuite.java:71)
	at org.apache.maven.surefire.testng.TestNGProvider.invoke(TestNGProvider.java:113)
	at org.apache.maven.surefire.booter.ForkedBooter.runSuitesInProcess(ForkedBooter.java:385)
	at org.apache.maven.surefire.booter.ForkedBooter.execute(ForkedBooter.java:162)
	at org.apache.maven.surefire.booter.ForkedBooter.run(ForkedBooter.java:507)
	at org.apache.maven.surefire.booter.ForkedBooter.main(ForkedBooter.java:495)
Caused by: java.lang.IllegalArgumentException: Property name cannot be null
	at org.apache.logging.log4j.core.config.Property.createProperty(Property.java:120)
	at org.apache.logging.log4j.core.config.Property.createProperty(Property.java:138)
	... 50 more

2025-01-07T09:52:58.850946900Z main ERROR Null object returned for Property in Properties.
2025-01-07 15:23:02 [main] INFO  testCases.TC001_AccountRegistrationTest - *************Starting TCOO1 Account Registration*****************
2025-01-07 15:23:02 [main] INFO  testCases.TC001_AccountRegistrationTest - Clicked on My Account link
2025-01-07 15:23:02 [main] INFO  testCases.TC001_AccountRegistrationTest - Clicked on Register link
2025-01-07 15:23:02 [main] INFO  testCases.TC001_AccountRegistrationTest - Providing Customer detail
2025-01-07 15:23:19 [main] INFO  testCases.TC001_AccountRegistrationTest - Clicked on My Account
2025-01-07 15:23:19 [main] INFO  testCases.TC001_AccountRegistrationTest - *****Finised TCOO1 Account Registration*****************
]]></system-out>
    <system-err><![CDATA[SLF4J: Failed to load class "org.slf4j.impl.StaticLoggerBinder".
SLF4J: Defaulting to no-operation (NOP) logger implementation
SLF4J: See http://www.slf4j.org/codes.html#StaticLoggerBinder for further details.
Jan 07, 2025 3:23:00 PM org.openqa.selenium.devtools.CdpVersionFinder findNearestMatch
WARNING: Unable to find an exact match for CDP version 131, returning the closest version; found: 130; Please update to a Selenium version that supports CDP version 131
]]></system-err>
  </testcase>
  <testcase name="verifyLogin" classname="testCases.TC002_LoginTest" time="1.389">
    <system-out><![CDATA[2025-01-07 15:23:23 [main] INFO  testCases.TC002_LoginTest - ********************starting LoginTest002******************
2025-01-07 15:23:24 [main] INFO  testCases.TC002_LoginTest - **************Finised LoginTest002***************
]]></system-out>
    <system-err><![CDATA[Jan 07, 2025 3:23:20 PM org.openqa.selenium.devtools.CdpVersionFinder findNearestMatch
WARNING: Unable to find an exact match for CDP version 131, returning the closest version; found: 130; Please update to a Selenium version that supports CDP version 131
]]></system-err>
  </testcase>
</testsuite>